<?xml version="1.0" encoding="UTF-8"?>
<!-- Generated by org.testng.reporters.JUnitXMLReporter -->
<testsuite hostname="DESKTOP-0502D5G" ignored="0" name="CurrencyConversionTest" tests="5" failures="1" timestamp="25 Nov 2019 18:55:39 GMT" time="33.057" errors="0">
  <testcase name="testParameterWithXML" time="6.159" classname="rockall.rockall.AppTest"/>
  <testcase name="testParameterWithXML" time="3.041" classname="rockall.rockall.AppTest"/>
  <testcase name="testParameterWithXML" time="3.182" classname="rockall.rockall.AppTest"/>
  <testcase name="testParameterWithXML" time="3.185" classname="rockall.rockall.AppTest"/>
  <testcase name="testParameterWithXML" time="3.485" classname="rockall.rockall.AppTest">
    <failure type="java.lang.AssertionError" message="expected [true] but found [false]">
      <![CDATA[java.lang.AssertionError: expected [true] but found [false]
	at pages.HomePage.validateConversion(HomePage.java:92)
	at rockall.rockall.AppTest.testParameterWithXML(AppTest.java:50)
... Removed 29 stack frames]]>
    </failure>
  </testcase> <!-- testParameterWithXML -->
</testsuite> <!-- CurrencyConversionTest -->
