<?xml version="1.0" encoding="UTF-8"?>
<!-- Generated by org.testng.reporters.JUnitXMLReporter -->
<testsuite hostname="DESKTOP-0502D5G" ignored="0" name="CurrencyConversionTest" tests="5" failures="2" timestamp="25 Nov 2019 19:38:35 GMT" time="39.203" errors="0">
  <testcase name="testParameterWithXML" time="5.876" classname="rockall.rockall.AppTest"/>
  <testcase name="testParameterWithXML" time="3.849" classname="rockall.rockall.AppTest">
    <failure type="java.lang.AssertionError" message="expected [true] but found [false]">
      <![CDATA[java.lang.AssertionError: expected [true] but found [false]
	at pages.HomePage.validateConversion(HomePage.java:92)
	at rockall.rockall.AppTest.testParameterWithXML(AppTest.java:50)
... Removed 29 stack frames]]>
    </failure>
  </testcase> <!-- testParameterWithXML -->
  <testcase name="testParameterWithXML" time="3.516" classname="rockall.rockall.AppTest"/>
  <testcase name="testParameterWithXML" time="3.043" classname="rockall.rockall.AppTest"/>
  <testcase name="testParameterWithXML" time="3.366" classname="rockall.rockall.AppTest">
    <failure type="java.lang.AssertionError" message="expected [true] but found [false]">
      <![CDATA[java.lang.AssertionError: expected [true] but found [false]
	at pages.HomePage.validateConversion(HomePage.java:92)
	at rockall.rockall.AppTest.testParameterWithXML(AppTest.java:50)
... Removed 29 stack frames]]>
    </failure>
  </testcase> <!-- testParameterWithXML -->
</testsuite> <!-- CurrencyConversionTest -->
