<?xml version="1.0" encoding="UTF-8"?>
<testng-results skipped="0" failed="0" ignored="0" total="0" passed="0">
  <reporter-output>
  </reporter-output>
  <suite name="rockall.rockall.AppTest" duration-ms="10" started-at="2019-11-23T16:41:05Z" finished-at="2019-11-23T16:41:05Z">
    <groups>
    </groups>
    <test name="Command line test" duration-ms="10" started-at="2019-11-23T16:41:05Z" finished-at="2019-11-23T16:41:05Z">
    </test> <!-- Command line test -->
  </suite> <!-- rockall.rockall.AppTest -->
</testng-results>
