<?xml version="1.0" encoding="UTF-8"?>
<testng-results skipped="0" failed="0" ignored="0" total="1" passed="1">
  <reporter-output>
  </reporter-output>
  <suite name="Suite" duration-ms="70962" started-at="2019-11-23T18:46:52Z" finished-at="2019-11-23T18:48:03Z">
    <groups>
    </groups>
    <test name="IETest" duration-ms="70962" started-at="2019-11-23T18:46:52Z" finished-at="2019-11-23T18:48:03Z">
      <class name="rockall.rockall.testNgTest">
        <test-method status="PASS" signature="setup(java.lang.String)[pri:0, instance:rockall.rockall.testNgTest@68c4039c]" name="setup" is-config="true" duration-ms="40849" started-at="2019-11-24T00:16:52Z" finished-at="2019-11-24T00:17:33Z">
          <params>
            <param index="0">
              <value>
                <![CDATA[ie]]>
              </value>
            </param>
          </params>
          <reporter-output>
          </reporter-output>
        </test-method> <!-- setup -->
        <test-method status="PASS" signature="testParameterWithXML()[pri:0, instance:rockall.rockall.testNgTest@68c4039c]" name="testParameterWithXML" duration-ms="29307" started-at="2019-11-24T00:17:33Z" finished-at="2019-11-24T00:18:02Z">
          <reporter-output>
          </reporter-output>
        </test-method> <!-- testParameterWithXML -->
        <test-method status="PASS" signature="tearDown()[pri:0, instance:rockall.rockall.testNgTest@68c4039c]" name="tearDown" is-config="true" duration-ms="782" started-at="2019-11-24T00:18:02Z" finished-at="2019-11-24T00:18:03Z">
          <reporter-output>
          </reporter-output>
        </test-method> <!-- tearDown -->
      </class> <!-- rockall.rockall.testNgTest -->
    </test> <!-- IETest -->
  </suite> <!-- Suite -->
</testng-results>
